# JRE version: OpenJDK Runtime Environment (11.0.15) (build 11.0.15+0-b2043.56-9505619)
# Java VM: OpenJDK 64-Bit Server VM (11.0.15+0-b2043.56-9505619, mixed mode, tiered, compressed oops, g1 gc, windows-amd64)
Heap:
 garbage-first heap   total 491520K, used 169246K [0x0000000080000000, 0x0000000100000000)
  region size 1024K, 2 young (2048K), 2 survivors (2048K)
 Metaspace       used 102719K, capacity 106002K, committed 106140K, reserved 1140736K
  class space    used 13665K, capacity 15046K, committed 15128K, reserved 1048576K
GC Heap History (20 events):
Event: 23.957 GC heap after
{Heap after GC invocations=55 (full 0):
 garbage-first heap   total 176128K, used 100025K [0x0000000080000000, 0x0000000100000000)
  region size 1024K, 7 young (7168K), 7 survivors (7168K)
 Metaspace       used 91523K, capacity 94177K, committed 94364K, reserved 1130496K
  class space    used 11972K, capacity 13016K, committed 13080K, reserved 1048576K
}
Event: 24.446 GC heap before
{Heap before GC invocations=56 (full 0):
 garbage-first heap   total 176128K, used 138937K [0x0000000080000000, 0x0000000100000000)
  region size 1024K, 45 young (46080K), 7 survivors (7168K)
 Metaspace       used 93986K, capacity 96790K, committed 97052K, reserved 1132544K
  class space    used 12299K, capacity 13392K, committed 13464K, reserved 1048576K
}
Event: 24.460 GC heap after
{Heap after GC invocations=57 (full 0):
 garbage-first heap   total 176128K, used 102960K [0x0000000080000000, 0x0000000100000000)
  region size 1024K, 6 young (6144K), 6 survivors (6144K)
 Metaspace       used 93986K, capacity 96790K, committed 97052K, reserved 1132544K
  class space    used 12299K, capacity 13392K, committed 13464K, reserved 1048576K
}
Event: 24.628 GC heap before
{Heap before GC invocations=57 (full 0):
 garbage-first heap   total 176128K, used 139824K [0x0000000080000000, 0x0000000100000000)
  region size 1024K, 42 young (43008K), 6 survivors (6144K)
 Metaspace       used 94599K, capacity 97483K, committed 97692K, reserved 1134592K
  class space    used 12400K, capacity 13516K, committed 13592K, reserved 1048576K
}
Event: 24.661 GC heap after
{Heap after GC invocations=58 (full 0):
 garbage-first heap   total 211968K, used 110526K [0x0000000080000000, 0x0000000100000000)
  region size 1024K, 6 young (6144K), 6 survivors (6144K)
 Metaspace       used 94599K, capacity 97483K, committed 97692K, reserved 1134592K
  class space    used 12400K, capacity 13516K, committed 13592K, reserved 1048576K
}
Event: 25.098 GC heap before
{Heap before GC invocations=59 (full 0):
 garbage-first heap   total 211968K, used 157630K [0x0000000080000000, 0x0000000100000000)
  region size 1024K, 52 young (53248K), 6 survivors (6144K)
 Metaspace       used 96082K, capacity 98917K, committed 99228K, reserved 1134592K
  class space    used 12613K, capacity 13708K, committed 13848K, reserved 1048576K
}
Event: 25.121 GC heap after
{Heap after GC invocations=60 (full 0):
 garbage-first heap   total 211968K, used 119570K [0x0000000080000000, 0x0000000100000000)
  region size 1024K, 7 young (7168K), 7 survivors (7168K)
 Metaspace       used 96082K, capacity 98917K, committed 99228K, reserved 1134592K
  class space    used 12613K, capacity 13708K, committed 13848K, reserved 1048576K
}
Event: 25.231 GC heap before
{Heap before GC invocations=60 (full 0):
 garbage-first heap   total 211968K, used 162578K [0x0000000080000000, 0x0000000100000000)
  region size 1024K, 50 young (51200K), 7 survivors (7168K)
 Metaspace       used 96585K, capacity 99429K, committed 99740K, reserved 1134592K
  class space    used 12665K, capacity 13772K, committed 13848K, reserved 1048576K
}
Event: 25.259 GC heap after
{Heap after GC invocations=61 (full 0):
 garbage-first heap   total 211968K, used 128000K [0x0000000080000000, 0x0000000100000000)
  region size 1024K, 7 young (7168K), 7 survivors (7168K)
 Metaspace       used 96585K, capacity 99429K, committed 99740K, reserved 1134592K
  class space    used 12665K, capacity 13772K, committed 13848K, reserved 1048576K
}
Event: 25.389 GC heap before
{Heap before GC invocations=61 (full 0):
 garbage-first heap   total 211968K, used 167936K [0x0000000080000000, 0x0000000100000000)
  region size 1024K, 47 young (48128K), 7 survivors (7168K)
 Metaspace       used 97240K, capacity 100140K, committed 100380K, reserved 1136640K
  class space    used 12747K, capacity 13895K, committed 13976K, reserved 1048576K
}
Event: 25.405 GC heap after
{Heap after GC invocations=62 (full 0):
 garbage-first heap   total 211968K, used 135545K [0x0000000080000000, 0x0000000100000000)
  region size 1024K, 6 young (6144K), 6 survivors (6144K)
 Metaspace       used 97240K, capacity 100140K, committed 100380K, reserved 1136640K
  class space    used 12747K, capacity 13895K, committed 13976K, reserved 1048576K
}
Event: 25.647 GC heap before
{Heap before GC invocations=63 (full 0):
 garbage-first heap   total 211968K, used 171385K [0x0000000080000000, 0x0000000100000000)
  region size 1024K, 42 young (43008K), 6 survivors (6144K)
 Metaspace       used 98153K, capacity 101209K, committed 101532K, reserved 1136640K
  class space    used 12959K, capacity 14248K, committed 14360K, reserved 1048576K
}
Event: 25.669 GC heap after
{Heap after GC invocations=64 (full 0):
 garbage-first heap   total 282624K, used 142534K [0x0000000080000000, 0x0000000100000000)
  region size 1024K, 6 young (6144K), 6 survivors (6144K)
 Metaspace       used 98153K, capacity 101209K, committed 101532K, reserved 1136640K
  class space    used 12959K, capacity 14248K, committed 14360K, reserved 1048576K
}
Event: 25.858 GC heap before
{Heap before GC invocations=64 (full 0):
 garbage-first heap   total 282624K, used 198854K [0x0000000080000000, 0x0000000100000000)
  region size 1024K, 61 young (62464K), 6 survivors (6144K)
 Metaspace       used 99015K, capacity 102070K, committed 102172K, reserved 1136640K
  class space    used 13108K, capacity 14406K, committed 14488K, reserved 1048576K
}
Event: 25.886 GC heap after
{Heap after GC invocations=65 (full 0):
 garbage-first heap   total 282624K, used 151171K [0x0000000080000000, 0x0000000100000000)
  region size 1024K, 8 young (8192K), 8 survivors (8192K)
 Metaspace       used 99015K, capacity 102070K, committed 102172K, reserved 1136640K
  class space    used 13108K, capacity 14406K, committed 14488K, reserved 1048576K
}
Event: 26.271 GC heap before
{Heap before GC invocations=65 (full 0):
 garbage-first heap   total 282624K, used 207491K [0x0000000080000000, 0x0000000100000000)
  region size 1024K, 63 young (64512K), 8 survivors (8192K)
 Metaspace       used 99226K, capacity 102209K, committed 102684K, reserved 1138688K
  class space    used 13118K, capacity 14378K, committed 14488K, reserved 1048576K
}
Event: 26.300 GC heap after
{Heap after GC invocations=66 (full 0):
 garbage-first heap   total 282624K, used 160659K [0x0000000080000000, 0x0000000100000000)
  region size 1024K, 8 young (8192K), 8 survivors (8192K)
 Metaspace       used 99226K, capacity 102209K, committed 102684K, reserved 1138688K
  class space    used 13118K, capacity 14378K, committed 14488K, reserved 1048576K
}
Event: 26.841 GC heap before
{Heap before GC invocations=67 (full 0):
 garbage-first heap   total 282624K, used 214931K [0x0000000080000000, 0x0000000100000000)
  region size 1024K, 61 young (62464K), 8 survivors (8192K)
 Metaspace       used 101742K, capacity 104995K, committed 105244K, reserved 1140736K
  class space    used 13568K, capacity 14913K, committed 15000K, reserved 1048576K
}
Event: 26.871 GC heap after
{Heap after GC invocations=68 (full 0):
 garbage-first heap   total 282624K, used 168122K [0x0000000080000000, 0x0000000100000000)
  region size 1024K, 7 young (7168K), 7 survivors (7168K)
 Metaspace       used 101742K, capacity 104995K, committed 105244K, reserved 1140736K
  class space    used 13568K, capacity 14913K, committed 15000K, reserved 1048576K
}
Event: 27.489 GC heap before
{Heap before GC invocations=68 (full 0):
 garbage-first heap   total 282624K, used 221370K [0x0000000080000000, 0x0000000100000000)
  region size 1024K, 59 young (60416K), 7 survivors (7168K)
 Metaspace       used 102719K, capacity 106002K, committed 106140K, reserved 1140736K
  class space    used 13665K, capacity 15046K, committed 15128K, reserved 1048576K
}

