# JRE version: OpenJDK Runtime Environment (11.0.15) (build 11.0.15+0-b2043.56-9505619)
# Java VM: OpenJDK 64-Bit Server VM (11.0.15+0-b2043.56-9505619, mixed mode, tiered, compressed oops, g1 gc, windows-amd64)
Heap:
 garbage-first heap   total 489472K, used 172206K [0x0000000080000000, 0x0000000100000000)
  region size 1024K, 5 young (5120K), 5 survivors (5120K)
 Metaspace       used 101594K, capacity 104707K, committed 105264K, reserved 1140736K
  class space    used 13497K, capacity 14722K, committed 14976K, reserved 1048576K
GC Heap History (20 events):
Event: 29.737 GC heap after
{Heap after GC invocations=65 (full 0):
 garbage-first heap   total 176128K, used 106698K [0x0000000080000000, 0x0000000100000000)
  region size 1024K, 6 young (6144K), 6 survivors (6144K)
 Metaspace       used 93826K, capacity 96618K, committed 96816K, reserved 1132544K
  class space    used 12308K, capacity 13397K, committed 13440K, reserved 1048576K
}
Event: 29.888 GC heap before
{Heap before GC invocations=65 (full 0):
 garbage-first heap   total 176128K, used 141514K [0x0000000080000000, 0x0000000100000000)
  region size 1024K, 40 young (40960K), 6 survivors (6144K)
 Metaspace       used 94479K, capacity 97253K, committed 97456K, reserved 1132544K
  class space    used 12387K, capacity 13480K, committed 13568K, reserved 1048576K
}
Event: 29.915 GC heap after
{Heap after GC invocations=66 (full 0):
 garbage-first heap   total 176128K, used 113251K [0x0000000080000000, 0x0000000100000000)
  region size 1024K, 5 young (5120K), 5 survivors (5120K)
 Metaspace       used 94479K, capacity 97253K, committed 97456K, reserved 1132544K
  class space    used 12387K, capacity 13480K, committed 13568K, reserved 1048576K
}
Event: 30.130 GC heap before
{Heap before GC invocations=66 (full 0):
 garbage-first heap   total 176128K, used 142947K [0x0000000080000000, 0x0000000100000000)
  region size 1024K, 34 young (34816K), 5 survivors (5120K)
 Metaspace       used 94912K, capacity 97687K, committed 98096K, reserved 1134592K
  class space    used 12457K, capacity 13537K, committed 13696K, reserved 1048576K
}
Event: 30.148 GC heap after
{Heap after GC invocations=67 (full 0):
 garbage-first heap   total 211968K, used 119478K [0x0000000080000000, 0x0000000100000000)
  region size 1024K, 5 young (5120K), 5 survivors (5120K)
 Metaspace       used 94912K, capacity 97687K, committed 98096K, reserved 1134592K
  class space    used 12457K, capacity 13537K, committed 13696K, reserved 1048576K
}
Event: 30.391 GC heap before
{Heap before GC invocations=68 (full 0):
 garbage-first heap   total 211968K, used 165558K [0x0000000080000000, 0x0000000100000000)
  region size 1024K, 50 young (51200K), 5 survivors (5120K)
 Metaspace       used 96329K, capacity 99171K, committed 99248K, reserved 1134592K
  class space    used 12677K, capacity 13776K, committed 13824K, reserved 1048576K
}
Event: 30.410 GC heap after
{Heap after GC invocations=69 (full 0):
 garbage-first heap   total 211968K, used 128447K [0x0000000080000000, 0x0000000100000000)
  region size 1024K, 7 young (7168K), 7 survivors (7168K)
 Metaspace       used 96329K, capacity 99171K, committed 99248K, reserved 1134592K
  class space    used 12677K, capacity 13776K, committed 13824K, reserved 1048576K
}
Event: 30.421 GC heap before
{Heap before GC invocations=69 (full 0):
 garbage-first heap   total 211968K, used 131519K [0x0000000080000000, 0x0000000100000000)
  region size 1024K, 10 young (10240K), 7 survivors (7168K)
 Metaspace       used 96346K, capacity 99171K, committed 99248K, reserved 1134592K
  class space    used 12678K, capacity 13776K, committed 13824K, reserved 1048576K
}
Event: 30.432 GC heap after
{Heap after GC invocations=70 (full 0):
 garbage-first heap   total 211968K, used 126889K [0x0000000080000000, 0x0000000100000000)
  region size 1024K, 2 young (2048K), 2 survivors (2048K)
 Metaspace       used 96346K, capacity 99171K, committed 99248K, reserved 1134592K
  class space    used 12678K, capacity 13776K, committed 13824K, reserved 1048576K
}
Event: 30.539 GC heap before
{Heap before GC invocations=70 (full 0):
 garbage-first heap   total 211968K, used 167849K [0x0000000080000000, 0x0000000100000000)
  region size 1024K, 42 young (43008K), 2 survivors (2048K)
 Metaspace       used 96861K, capacity 99700K, committed 99888K, reserved 1134592K
  class space    used 12743K, capacity 13845K, committed 13952K, reserved 1048576K
}
Event: 30.555 GC heap after
{Heap after GC invocations=71 (full 0):
 garbage-first heap   total 211968K, used 133973K [0x0000000080000000, 0x0000000100000000)
  region size 1024K, 6 young (6144K), 6 survivors (6144K)
 Metaspace       used 96861K, capacity 99700K, committed 99888K, reserved 1134592K
  class space    used 12743K, capacity 13845K, committed 13952K, reserved 1048576K
}
Event: 30.705 GC heap before
{Heap before GC invocations=71 (full 0):
 garbage-first heap   total 211968K, used 171861K [0x0000000080000000, 0x0000000100000000)
  region size 1024K, 43 young (44032K), 6 survivors (6144K)
 Metaspace       used 97732K, capacity 100848K, committed 101040K, reserved 1136640K
  class space    used 12960K, capacity 14257K, committed 14336K, reserved 1048576K
}
Event: 30.730 GC heap after
{Heap after GC invocations=72 (full 0):
 garbage-first heap   total 258048K, used 140507K [0x0000000080000000, 0x0000000100000000)
  region size 1024K, 6 young (6144K), 6 survivors (6144K)
 Metaspace       used 97732K, capacity 100848K, committed 101040K, reserved 1136640K
  class space    used 12960K, capacity 14257K, committed 14336K, reserved 1048576K
}
Event: 30.994 GC heap before
{Heap before GC invocations=73 (full 0):
 garbage-first heap   total 258048K, used 195803K [0x0000000080000000, 0x0000000100000000)
  region size 1024K, 61 young (62464K), 6 survivors (6144K)
 Metaspace       used 98392K, capacity 101292K, committed 101936K, reserved 1136640K
  class space    used 12991K, capacity 14226K, committed 14464K, reserved 1048576K
}
Event: 31.013 GC heap after
{Heap after GC invocations=74 (full 0):
 garbage-first heap   total 258048K, used 150042K [0x0000000080000000, 0x0000000100000000)
  region size 1024K, 8 young (8192K), 8 survivors (8192K)
 Metaspace       used 98392K, capacity 101292K, committed 101936K, reserved 1136640K
  class space    used 12991K, capacity 14226K, committed 14464K, reserved 1048576K
}
Event: 31.087 GC heap before
{Heap before GC invocations=74 (full 0):
 garbage-first heap   total 258048K, used 202266K [0x0000000080000000, 0x0000000100000000)
  region size 1024K, 59 young (60416K), 8 survivors (8192K)
 Metaspace       used 98844K, capacity 101841K, committed 102320K, reserved 1136640K
  class space    used 13084K, capacity 14351K, committed 14592K, reserved 1048576K
}
Event: 31.108 GC heap after
{Heap after GC invocations=75 (full 0):
 garbage-first heap   total 258048K, used 159041K [0x0000000080000000, 0x0000000100000000)
  region size 1024K, 8 young (8192K), 8 survivors (8192K)
 Metaspace       used 98844K, capacity 101841K, committed 102320K, reserved 1136640K
  class space    used 13084K, capacity 14351K, committed 14592K, reserved 1048576K
}
Event: 31.249 GC heap before
{Heap before GC invocations=75 (full 0):
 garbage-first heap   total 258048K, used 206145K [0x0000000080000000, 0x0000000100000000)
  region size 1024K, 55 young (56320K), 8 survivors (8192K)
 Metaspace       used 99838K, capacity 102826K, committed 103216K, reserved 1138688K
  class space    used 13278K, capacity 14566K, committed 14720K, reserved 1048576K
}
Event: 31.269 GC heap after
{Heap after GC invocations=76 (full 0):
 garbage-first heap   total 258048K, used 166912K [0x0000000080000000, 0x0000000100000000)
  region size 1024K, 7 young (7168K), 7 survivors (7168K)
 Metaspace       used 99838K, capacity 102826K, committed 103216K, reserved 1138688K
  class space    used 13278K, capacity 14566K, committed 14720K, reserved 1048576K
}
Event: 31.693 GC heap before
{Heap before GC invocations=77 (full 0):
 garbage-first heap   total 258048K, used 211968K [0x0000000080000000, 0x0000000100000000)
  region size 1024K, 51 young (52224K), 7 survivors (7168K)
 Metaspace       used 101594K, capacity 104707K, committed 105264K, reserved 1140736K
  class space    used 13497K, capacity 14722K, committed 14976K, reserved 1048576K
}

