# JRE version: OpenJDK Runtime Environment (11.0.15) (build 11.0.15+0-b2043.56-9505619)
# Java VM: OpenJDK 64-Bit Server VM (11.0.15+0-b2043.56-9505619, mixed mode, tiered, compressed oops, g1 gc, windows-amd64)
Heap:
 garbage-first heap   total 367616K, used 232971K [0x0000000080000000, 0x0000000100000000)
  region size 1024K, 75 young (76800K), 5 survivors (5120K)
 Metaspace       used 105052K, capacity 108248K, committed 109616K, reserved 1142784K
  class space    used 13823K, capacity 15079K, committed 15744K, reserved 1048576K
GC Heap History (20 events):
Event: 29.954 GC heap before
{Heap before GC invocations=60 (full 0):
 garbage-first heap   total 239616K, used 191488K [0x0000000080000000, 0x0000000100000000)
  region size 1024K, 61 young (62464K), 9 survivors (9216K)
 Metaspace       used 99868K, capacity 103515K, committed 103728K, reserved 1138688K
  class space    used 13394K, capacity 14896K, committed 14976K, reserved 1048576K
}
Event: 29.983 GC heap after
{Heap after GC invocations=61 (full 0):
 garbage-first heap   total 239616K, used 147119K [0x0000000080000000, 0x0000000100000000)
  region size 1024K, 8 young (8192K), 8 survivors (8192K)
 Metaspace       used 99868K, capacity 103515K, committed 103728K, reserved 1138688K
  class space    used 13394K, capacity 14896K, committed 14976K, reserved 1048576K
}
Event: 30.754 GC heap before
{Heap before GC invocations=62 (full 0):
 garbage-first heap   total 239616K, used 194223K [0x0000000080000000, 0x0000000100000000)
  region size 1024K, 54 young (55296K), 8 survivors (8192K)
 Metaspace       used 102142K, capacity 105581K, committed 106544K, reserved 1140736K
  class space    used 13705K, capacity 15134K, committed 15488K, reserved 1048576K
}
Event: 30.805 GC heap after
{Heap after GC invocations=63 (full 0):
 garbage-first heap   total 306176K, used 153613K [0x0000000080000000, 0x0000000100000000)
  region size 1024K, 6 young (6144K), 6 survivors (6144K)
 Metaspace       used 102142K, capacity 105581K, committed 106544K, reserved 1140736K
  class space    used 13705K, capacity 15134K, committed 15488K, reserved 1048576K
}
Event: 30.866 GC heap before
{Heap before GC invocations=63 (full 0):
 garbage-first heap   total 306176K, used 161805K [0x0000000080000000, 0x0000000100000000)
  region size 1024K, 14 young (14336K), 6 survivors (6144K)
 Metaspace       used 102296K, capacity 105727K, committed 106800K, reserved 1140736K
  class space    used 13738K, capacity 15184K, committed 15488K, reserved 1048576K
}
Event: 30.876 GC heap after
{Heap after GC invocations=64 (full 0):
 garbage-first heap   total 306176K, used 154976K [0x0000000080000000, 0x0000000100000000)
  region size 1024K, 2 young (2048K), 2 survivors (2048K)
 Metaspace       used 102296K, capacity 105727K, committed 106800K, reserved 1140736K
  class space    used 13738K, capacity 15184K, committed 15488K, reserved 1048576K
}
Event: 31.333 GC heap before
{Heap before GC invocations=64 (full 0):
 garbage-first heap   total 306176K, used 222560K [0x0000000080000000, 0x0000000100000000)
  region size 1024K, 68 young (69632K), 2 survivors (2048K)
 Metaspace       used 103169K, capacity 106637K, committed 107440K, reserved 1140736K
  class space    used 13847K, capacity 15308K, committed 15616K, reserved 1048576K
}
Event: 31.352 GC heap after
{Heap after GC invocations=65 (full 0):
 garbage-first heap   total 306176K, used 154828K [0x0000000080000000, 0x0000000100000000)
  region size 1024K, 1 young (1024K), 1 survivors (1024K)
 Metaspace       used 103169K, capacity 106637K, committed 107440K, reserved 1140736K
  class space    used 13847K, capacity 15308K, committed 15616K, reserved 1048576K
}
Event: 31.768 GC heap before
{Heap before GC invocations=65 (full 0):
 garbage-first heap   total 306176K, used 227532K [0x0000000080000000, 0x0000000100000000)
  region size 1024K, 72 young (73728K), 1 survivors (1024K)
 Metaspace       used 102272K, capacity 105092K, committed 107952K, reserved 1142784K
  class space    used 13413K, capacity 14509K, committed 15616K, reserved 1048576K
}
Event: 31.772 GC heap after
{Heap after GC invocations=66 (full 0):
 garbage-first heap   total 306176K, used 154828K [0x0000000080000000, 0x0000000100000000)
  region size 1024K, 1 young (1024K), 1 survivors (1024K)
 Metaspace       used 102272K, capacity 105092K, committed 107952K, reserved 1142784K
  class space    used 13413K, capacity 14509K, committed 15616K, reserved 1048576K
}
Event: 32.054 GC heap before
{Heap before GC invocations=67 (full 0):
 garbage-first heap   total 306176K, used 231628K [0x0000000080000000, 0x0000000100000000)
  region size 1024K, 76 young (77824K), 1 survivors (1024K)
 Metaspace       used 102643K, capacity 105454K, committed 107952K, reserved 1142784K
  class space    used 13463K, capacity 14587K, committed 15616K, reserved 1048576K
}
Event: 32.060 GC heap after
{Heap after GC invocations=68 (full 0):
 garbage-first heap   total 306176K, used 155661K [0x0000000080000000, 0x0000000100000000)
  region size 1024K, 2 young (2048K), 2 survivors (2048K)
 Metaspace       used 102643K, capacity 105454K, committed 107952K, reserved 1142784K
  class space    used 13463K, capacity 14587K, committed 15616K, reserved 1048576K
}
Event: 32.349 GC heap before
{Heap before GC invocations=68 (full 0):
 garbage-first heap   total 306176K, used 234509K [0x0000000080000000, 0x0000000100000000)
  region size 1024K, 80 young (81920K), 2 survivors (2048K)
 Metaspace       used 103326K, capacity 106308K, committed 108592K, reserved 1142784K
  class space    used 13574K, capacity 14748K, committed 15744K, reserved 1048576K
}
Event: 32.360 GC heap after
{Heap after GC invocations=69 (full 0):
 garbage-first heap   total 306176K, used 157032K [0x0000000080000000, 0x0000000100000000)
  region size 1024K, 4 young (4096K), 4 survivors (4096K)
 Metaspace       used 103326K, capacity 106308K, committed 108592K, reserved 1142784K
  class space    used 13574K, capacity 14748K, committed 15744K, reserved 1048576K
}
Event: 32.893 GC heap before
{Heap before GC invocations=70 (full 0):
 garbage-first heap   total 306176K, used 243048K [0x0000000080000000, 0x0000000100000000)
  region size 1024K, 88 young (90112K), 4 survivors (4096K)
 Metaspace       used 103645K, capacity 106671K, committed 108848K, reserved 1142784K
  class space    used 13621K, capacity 14805K, committed 15744K, reserved 1048576K
}
Event: 32.903 GC heap after
{Heap after GC invocations=71 (full 0):
 garbage-first heap   total 306176K, used 157612K [0x0000000080000000, 0x0000000100000000)
  region size 1024K, 4 young (4096K), 4 survivors (4096K)
 Metaspace       used 103645K, capacity 106671K, committed 108848K, reserved 1142784K
  class space    used 13621K, capacity 14805K, committed 15744K, reserved 1048576K
}
Event: 32.960 GC heap before
{Heap before GC invocations=71 (full 0):
 garbage-first heap   total 306176K, used 166828K [0x0000000080000000, 0x0000000100000000)
  region size 1024K, 14 young (14336K), 4 survivors (4096K)
 Metaspace       used 103741K, capacity 106762K, committed 108848K, reserved 1142784K
  class space    used 13641K, capacity 14814K, committed 15744K, reserved 1048576K
}
Event: 32.973 GC heap after
{Heap after GC invocations=72 (full 0):
 garbage-first heap   total 367616K, used 157143K [0x0000000080000000, 0x0000000100000000)
  region size 1024K, 1 young (1024K), 1 survivors (1024K)
 Metaspace       used 103741K, capacity 106762K, committed 108848K, reserved 1142784K
  class space    used 13641K, capacity 14814K, committed 15744K, reserved 1048576K
}
Event: 33.851 GC heap before
{Heap before GC invocations=72 (full 0):
 garbage-first heap   total 367616K, used 301527K [0x0000000080000000, 0x0000000100000000)
  region size 1024K, 144 young (147456K), 1 survivors (1024K)
 Metaspace       used 104931K, capacity 108176K, committed 109616K, reserved 1142784K
  class space    used 13814K, capacity 15077K, committed 15744K, reserved 1048576K
}
Event: 33.862 GC heap after
{Heap after GC invocations=73 (full 0):
 garbage-first heap   total 367616K, used 161291K [0x0000000080000000, 0x0000000100000000)
  region size 1024K, 5 young (5120K), 5 survivors (5120K)
 Metaspace       used 104931K, capacity 108176K, committed 109616K, reserved 1142784K
  class space    used 13814K, capacity 15077K, committed 15744K, reserved 1048576K
}

