# JRE version: OpenJDK Runtime Environment (11.0.15) (build 11.0.15+0-b2043.56-9505619)
# Java VM: OpenJDK 64-Bit Server VM (11.0.15+0-b2043.56-9505619, mixed mode, tiered, compressed oops, g1 gc, windows-amd64)
Heap:
 garbage-first heap   total 601088K, used 191030K [0x0000000080000000, 0x0000000100000000)
  region size 1024K, 18 young (18432K), 18 survivors (18432K)
 Metaspace       used 116078K, capacity 119553K, committed 119708K, reserved 1153024K
  class space    used 14653K, capacity 16020K, committed 16152K, reserved 1048576K
GC Heap History (20 events):
Event: 58.764 GC heap after
{Heap after GC invocations=82 (full 0):
 garbage-first heap   total 306176K, used 156937K [0x0000000080000000, 0x0000000100000000)
  region size 1024K, 6 young (6144K), 6 survivors (6144K)
 Metaspace       used 114076K, capacity 117357K, committed 117916K, reserved 1150976K
  class space    used 14561K, capacity 15875K, committed 16152K, reserved 1048576K
}
Event: 58.801 GC heap before
{Heap before GC invocations=82 (full 0):
 garbage-first heap   total 306176K, used 164105K [0x0000000080000000, 0x0000000100000000)
  region size 1024K, 14 young (14336K), 6 survivors (6144K)
 Metaspace       used 114077K, capacity 117357K, committed 117916K, reserved 1150976K
  class space    used 14561K, capacity 15875K, committed 16152K, reserved 1048576K
}
Event: 58.817 GC heap after
{Heap after GC invocations=83 (full 0):
 garbage-first heap   total 306176K, used 154318K [0x0000000080000000, 0x0000000100000000)
  region size 1024K, 2 young (2048K), 2 survivors (2048K)
 Metaspace       used 114077K, capacity 117357K, committed 117916K, reserved 1150976K
  class space    used 14561K, capacity 15875K, committed 16152K, reserved 1048576K
}
Event: 59.349 GC heap before
{Heap before GC invocations=83 (full 0):
 garbage-first heap   total 306176K, used 238286K [0x0000000080000000, 0x0000000100000000)
  region size 1024K, 85 young (87040K), 2 survivors (2048K)
 Metaspace       used 114096K, capacity 117371K, committed 117916K, reserved 1150976K
  class space    used 14565K, capacity 15880K, committed 16152K, reserved 1048576K
}
Event: 59.360 GC heap after
{Heap after GC invocations=84 (full 0):
 garbage-first heap   total 306176K, used 159616K [0x0000000080000000, 0x0000000100000000)
  region size 1024K, 7 young (7168K), 7 survivors (7168K)
 Metaspace       used 114096K, capacity 117371K, committed 117916K, reserved 1150976K
  class space    used 14565K, capacity 15880K, committed 16152K, reserved 1048576K
}
Event: 59.881 GC heap before
{Heap before GC invocations=84 (full 0):
 garbage-first heap   total 306176K, used 242560K [0x0000000080000000, 0x0000000100000000)
  region size 1024K, 89 young (91136K), 7 survivors (7168K)
 Metaspace       used 114194K, capacity 117518K, committed 118172K, reserved 1150976K
  class space    used 14570K, capacity 15885K, committed 16152K, reserved 1048576K
}
Event: 59.898 GC heap after
{Heap after GC invocations=85 (full 0):
 garbage-first heap   total 306176K, used 160266K [0x0000000080000000, 0x0000000100000000)
  region size 1024K, 4 young (4096K), 4 survivors (4096K)
 Metaspace       used 114194K, capacity 117518K, committed 118172K, reserved 1150976K
  class space    used 14570K, capacity 15885K, committed 16152K, reserved 1048576K
}
Event: 60.418 GC heap before
{Heap before GC invocations=85 (full 0):
 garbage-first heap   total 306176K, used 246282K [0x0000000080000000, 0x0000000100000000)
  region size 1024K, 88 young (90112K), 4 survivors (4096K)
 Metaspace       used 114439K, capacity 117729K, committed 118428K, reserved 1150976K
  class space    used 14572K, capacity 15889K, committed 16152K, reserved 1048576K
}
Event: 60.431 GC heap after
{Heap after GC invocations=86 (full 0):
 garbage-first heap   total 306176K, used 162765K [0x0000000080000000, 0x0000000100000000)
  region size 1024K, 6 young (6144K), 6 survivors (6144K)
 Metaspace       used 114439K, capacity 117729K, committed 118428K, reserved 1150976K
  class space    used 14572K, capacity 15889K, committed 16152K, reserved 1048576K
}
Event: 60.972 GC heap before
{Heap before GC invocations=86 (full 0):
 garbage-first heap   total 306176K, used 249805K [0x0000000080000000, 0x0000000100000000)
  region size 1024K, 91 young (93184K), 6 survivors (6144K)
 Metaspace       used 114594K, capacity 117882K, committed 118428K, reserved 1150976K
  class space    used 14574K, capacity 15892K, committed 16152K, reserved 1048576K
}
Event: 60.988 GC heap after
{Heap after GC invocations=87 (full 0):
 garbage-first heap   total 306176K, used 165193K [0x0000000080000000, 0x0000000100000000)
  region size 1024K, 9 young (9216K), 9 survivors (9216K)
 Metaspace       used 114594K, capacity 117882K, committed 118428K, reserved 1150976K
  class space    used 14574K, capacity 15892K, committed 16152K, reserved 1048576K
}
Event: 61.573 GC heap before
{Heap before GC invocations=87 (full 0):
 garbage-first heap   total 306176K, used 251209K [0x0000000080000000, 0x0000000100000000)
  region size 1024K, 94 young (96256K), 9 survivors (9216K)
 Metaspace       used 115121K, capacity 118587K, committed 118940K, reserved 1153024K
  class space    used 14635K, capacity 15994K, committed 16152K, reserved 1048576K
}
Event: 61.600 GC heap after
{Heap after GC invocations=88 (full 0):
 garbage-first heap   total 461824K, used 168726K [0x0000000080000000, 0x0000000100000000)
  region size 1024K, 10 young (10240K), 10 survivors (10240K)
 Metaspace       used 115121K, capacity 118587K, committed 118940K, reserved 1153024K
  class space    used 14635K, capacity 15994K, committed 16152K, reserved 1048576K
}
Event: 62.690 GC heap before
{Heap before GC invocations=88 (full 0):
 garbage-first heap   total 461824K, used 318230K [0x0000000080000000, 0x0000000100000000)
  region size 1024K, 157 young (160768K), 10 survivors (10240K)
 Metaspace       used 115569K, capacity 119009K, committed 119196K, reserved 1153024K
  class space    used 14646K, capacity 16013K, committed 16152K, reserved 1048576K
}
Event: 62.744 GC heap after
{Heap after GC invocations=89 (full 0):
 garbage-first heap   total 461824K, used 173479K [0x0000000080000000, 0x0000000100000000)
  region size 1024K, 14 young (14336K), 14 survivors (14336K)
 Metaspace       used 115569K, capacity 119009K, committed 119196K, reserved 1153024K
  class space    used 14646K, capacity 16013K, committed 16152K, reserved 1048576K
}
Event: 63.951 GC heap before
{Heap before GC invocations=89 (full 0):
 garbage-first heap   total 461824K, used 368039K [0x0000000080000000, 0x0000000100000000)
  region size 1024K, 204 young (208896K), 14 survivors (14336K)
 Metaspace       used 115861K, capacity 119373K, committed 119708K, reserved 1153024K
  class space    used 14648K, capacity 16016K, committed 16152K, reserved 1048576K
}
Event: 64.036 GC heap after
{Heap after GC invocations=90 (full 0):
 garbage-first heap   total 461824K, used 178366K [0x0000000080000000, 0x0000000100000000)
  region size 1024K, 15 young (15360K), 15 survivors (15360K)
 Metaspace       used 115861K, capacity 119373K, committed 119708K, reserved 1153024K
  class space    used 14648K, capacity 16016K, committed 16152K, reserved 1048576K
}
Event: 64.975 GC heap before
{Heap before GC invocations=90 (full 0):
 garbage-first heap   total 461824K, used 373950K [0x0000000080000000, 0x0000000100000000)
  region size 1024K, 207 young (211968K), 15 survivors (15360K)
 Metaspace       used 116034K, capacity 119548K, committed 119708K, reserved 1153024K
  class space    used 14653K, capacity 16020K, committed 16152K, reserved 1048576K
}
Event: 65.007 GC heap after
{Heap after GC invocations=91 (full 0):
 garbage-first heap   total 461824K, used 184773K [0x0000000080000000, 0x0000000100000000)
  region size 1024K, 19 young (19456K), 19 survivors (19456K)
 Metaspace       used 116034K, capacity 119548K, committed 119708K, reserved 1153024K
  class space    used 14653K, capacity 16020K, committed 16152K, reserved 1048576K
}
Event: 65.637 GC heap before
{Heap before GC invocations=91 (full 0):
 garbage-first heap   total 461824K, used 381381K [0x0000000080000000, 0x0000000100000000)
  region size 1024K, 212 young (217088K), 19 survivors (19456K)
 Metaspace       used 116078K, capacity 119553K, committed 119708K, reserved 1153024K
  class space    used 14653K, capacity 16020K, committed 16152K, reserved 1048576K
}

