# JRE version: OpenJDK Runtime Environment (11.0.15) (build 11.0.15+0-b2043.56-9505619)
# Java VM: OpenJDK 64-Bit Server VM (11.0.15+0-b2043.56-9505619, mixed mode, tiered, compressed oops, g1 gc, windows-amd64)
Heap:
 garbage-first heap   total 336896K, used 153170K [0x0000000080000000, 0x0000000100000000)
  region size 1024K, 7 young (7168K), 7 survivors (7168K)
 Metaspace       used 101516K, capacity 104563K, committed 105136K, reserved 1140736K
  class space    used 13464K, capacity 14681K, committed 14848K, reserved 1048576K
GC Heap History (20 events):
Event: 20.369 GC heap after
{Heap after GC invocations=50 (full 0):
 garbage-first heap   total 146432K, used 74036K [0x0000000080000000, 0x0000000100000000)
  region size 1024K, 5 young (5120K), 5 survivors (5120K)
 Metaspace       used 81940K, capacity 84148K, committed 84400K, reserved 1122304K
  class space    used 10810K, capacity 11654K, committed 11776K, reserved 1048576K
}
Event: 21.340 GC heap before
{Heap before GC invocations=50 (full 0):
 garbage-first heap   total 146432K, used 113972K [0x0000000080000000, 0x0000000100000000)
  region size 1024K, 45 young (46080K), 5 survivors (5120K)
 Metaspace       used 82844K, capacity 85242K, committed 85296K, reserved 1122304K
  class space    used 10953K, capacity 11882K, committed 11904K, reserved 1048576K
}
Event: 21.356 GC heap after
{Heap after GC invocations=51 (full 0):
 garbage-first heap   total 202752K, used 76600K [0x0000000080000000, 0x0000000100000000)
  region size 1024K, 3 young (3072K), 3 survivors (3072K)
 Metaspace       used 82844K, capacity 85242K, committed 85296K, reserved 1122304K
  class space    used 10953K, capacity 11882K, committed 11904K, reserved 1048576K
}
Event: 22.651 GC heap before
{Heap before GC invocations=52 (full 0):
 garbage-first heap   total 202752K, used 135992K [0x0000000080000000, 0x0000000100000000)
  region size 1024K, 62 young (63488K), 3 survivors (3072K)
 Metaspace       used 85609K, capacity 88074K, committed 88240K, reserved 1126400K
  class space    used 11242K, capacity 12193K, committed 12288K, reserved 1048576K
}
Event: 22.661 GC heap after
{Heap after GC invocations=53 (full 0):
 garbage-first heap   total 202752K, used 79494K [0x0000000080000000, 0x0000000100000000)
  region size 1024K, 6 young (6144K), 6 survivors (6144K)
 Metaspace       used 85609K, capacity 88074K, committed 88240K, reserved 1126400K
  class space    used 11242K, capacity 12193K, committed 12288K, reserved 1048576K
}
Event: 23.777 GC heap before
{Heap before GC invocations=53 (full 0):
 garbage-first heap   total 202752K, used 145030K [0x0000000080000000, 0x0000000100000000)
  region size 1024K, 71 young (72704K), 6 survivors (6144K)
 Metaspace       used 89459K, capacity 92033K, committed 92208K, reserved 1128448K
  class space    used 11692K, capacity 12666K, committed 12672K, reserved 1048576K
}
Event: 23.793 GC heap after
{Heap after GC invocations=54 (full 0):
 garbage-first heap   total 202752K, used 83451K [0x0000000080000000, 0x0000000100000000)
  region size 1024K, 8 young (8192K), 8 survivors (8192K)
 Metaspace       used 89459K, capacity 92033K, committed 92208K, reserved 1128448K
  class space    used 11692K, capacity 12666K, committed 12672K, reserved 1048576K
}
Event: 24.464 GC heap before
{Heap before GC invocations=54 (full 0):
 garbage-first heap   total 202752K, used 152059K [0x0000000080000000, 0x0000000100000000)
  region size 1024K, 76 young (77824K), 8 survivors (8192K)
 Metaspace       used 90940K, capacity 93531K, committed 93744K, reserved 1130496K
  class space    used 11888K, capacity 12904K, committed 12928K, reserved 1048576K
}
Event: 24.483 GC heap after
{Heap after GC invocations=55 (full 0):
 garbage-first heap   total 202752K, used 96934K [0x0000000080000000, 0x0000000100000000)
  region size 1024K, 10 young (10240K), 10 survivors (10240K)
 Metaspace       used 90940K, capacity 93531K, committed 93744K, reserved 1130496K
  class space    used 11888K, capacity 12904K, committed 12928K, reserved 1048576K
}
Event: 25.144 GC heap before
{Heap before GC invocations=55 (full 0):
 garbage-first heap   total 202752K, used 157350K [0x0000000080000000, 0x0000000100000000)
  region size 1024K, 70 young (71680K), 10 survivors (10240K)
 Metaspace       used 94764K, capacity 97669K, committed 97712K, reserved 1134592K
  class space    used 12438K, capacity 13559K, committed 13568K, reserved 1048576K
}
Event: 25.168 GC heap after
{Heap after GC invocations=56 (full 0):
 garbage-first heap   total 202752K, used 104636K [0x0000000080000000, 0x0000000100000000)
  region size 1024K, 9 young (9216K), 9 survivors (9216K)
 Metaspace       used 94764K, capacity 97669K, committed 97712K, reserved 1134592K
  class space    used 12438K, capacity 13559K, committed 13568K, reserved 1048576K
}
Event: 25.578 GC heap before
{Heap before GC invocations=56 (full 0):
 garbage-first heap   total 202752K, used 156860K [0x0000000080000000, 0x0000000100000000)
  region size 1024K, 61 young (62464K), 9 survivors (9216K)
 Metaspace       used 96809K, capacity 99847K, committed 100144K, reserved 1136640K
  class space    used 12745K, capacity 13898K, committed 13952K, reserved 1048576K
}
Event: 25.638 GC heap after
{Heap after GC invocations=57 (full 0):
 garbage-first heap   total 243712K, used 113011K [0x0000000080000000, 0x0000000100000000)
  region size 1024K, 8 young (8192K), 8 survivors (8192K)
 Metaspace       used 96809K, capacity 99847K, committed 100144K, reserved 1136640K
  class space    used 12745K, capacity 13898K, committed 13952K, reserved 1048576K
}
Event: 26.236 GC heap before
{Heap before GC invocations=58 (full 0):
 garbage-first heap   total 243712K, used 181619K [0x0000000080000000, 0x0000000100000000)
  region size 1024K, 75 young (76800K), 8 survivors (8192K)
 Metaspace       used 98102K, capacity 101149K, committed 101424K, reserved 1136640K
  class space    used 12947K, capacity 14176K, committed 14208K, reserved 1048576K
}
Event: 26.268 GC heap after
{Heap after GC invocations=59 (full 0):
 garbage-first heap   total 243712K, used 124537K [0x0000000080000000, 0x0000000100000000)
  region size 1024K, 10 young (10240K), 10 survivors (10240K)
 Metaspace       used 98102K, capacity 101149K, committed 101424K, reserved 1136640K
  class space    used 12947K, capacity 14176K, committed 14208K, reserved 1048576K
}
Event: 26.512 GC heap before
{Heap before GC invocations=59 (full 0):
 garbage-first heap   total 243712K, used 188025K [0x0000000080000000, 0x0000000100000000)
  region size 1024K, 72 young (73728K), 10 survivors (10240K)
 Metaspace       used 98711K, capacity 101779K, committed 102064K, reserved 1136640K
  class space    used 13059K, capacity 14300K, committed 14336K, reserved 1048576K
}
Event: 26.544 GC heap after
{Heap after GC invocations=60 (full 0):
 garbage-first heap   total 243712K, used 135168K [0x0000000080000000, 0x0000000100000000)
  region size 1024K, 9 young (9216K), 9 survivors (9216K)
 Metaspace       used 98711K, capacity 101779K, committed 102064K, reserved 1136640K
  class space    used 13059K, capacity 14300K, committed 14336K, reserved 1048576K
}
Event: 26.828 GC heap before
{Heap before GC invocations=60 (full 0):
 garbage-first heap   total 243712K, used 193536K [0x0000000080000000, 0x0000000100000000)
  region size 1024K, 66 young (67584K), 9 survivors (9216K)
 Metaspace       used 99821K, capacity 102760K, committed 103728K, reserved 1138688K
  class space    used 13184K, capacity 14375K, committed 14720K, reserved 1048576K
}
Event: 26.855 GC heap after
{Heap after GC invocations=61 (full 0):
 garbage-first heap   total 243712K, used 145671K [0x0000000080000000, 0x0000000100000000)
  region size 1024K, 9 young (9216K), 9 survivors (9216K)
 Metaspace       used 99821K, capacity 102760K, committed 103728K, reserved 1138688K
  class space    used 13184K, capacity 14375K, committed 14720K, reserved 1048576K
}
Event: 27.196 GC heap before
{Heap before GC invocations=62 (full 0):
 garbage-first heap   total 243712K, used 196871K [0x0000000080000000, 0x0000000100000000)
  region size 1024K, 59 young (60416K), 9 survivors (9216K)
 Metaspace       used 101516K, capacity 104563K, committed 105136K, reserved 1140736K
  class space    used 13464K, capacity 14681K, committed 14848K, reserved 1048576K
}

