# JRE version: OpenJDK Runtime Environment (11.0.15) (build 11.0.15+0-b2043.56-9505619)
# Java VM: OpenJDK 64-Bit Server VM (11.0.15+0-b2043.56-9505619, mixed mode, tiered, compressed oops, g1 gc, windows-amd64)
Heap:
 garbage-first heap   total 649216K, used 176335K [0x0000000080000000, 0x0000000100000000)
  region size 1024K, 9 young (9216K), 9 survivors (9216K)
 Metaspace       used 107581K, capacity 111085K, committed 111388K, reserved 1144832K
  class space    used 14094K, capacity 15433K, committed 15512K, reserved 1048576K
GC Heap History (20 events):
Event: 31.828 GC heap after
{Heap after GC invocations=68 (full 0):
 garbage-first heap   total 268288K, used 144858K [0x0000000080000000, 0x0000000100000000)
  region size 1024K, 9 young (9216K), 9 survivors (9216K)
 Metaspace       used 102753K, capacity 105767K, committed 106268K, reserved 1140736K
  class space    used 13596K, capacity 14766K, committed 15000K, reserved 1048576K
}
Event: 32.959 GC heap before
{Heap before GC invocations=69 (full 0):
 garbage-first heap   total 268288K, used 207322K [0x0000000080000000, 0x0000000100000000)
  region size 1024K, 70 young (71680K), 9 survivors (9216K)
 Metaspace       used 103753K, capacity 106775K, committed 107164K, reserved 1140736K
  class space    used 13704K, capacity 14893K, committed 15128K, reserved 1048576K
}
Event: 33.003 GC heap after
{Heap after GC invocations=70 (full 0):
 garbage-first heap   total 268288K, used 150099K [0x0000000080000000, 0x0000000100000000)
  region size 1024K, 5 young (5120K), 5 survivors (5120K)
 Metaspace       used 103753K, capacity 106775K, committed 107164K, reserved 1140736K
  class space    used 13704K, capacity 14893K, committed 15128K, reserved 1048576K
}
Event: 33.848 GC heap before
{Heap before GC invocations=70 (full 0):
 garbage-first heap   total 268288K, used 211539K [0x0000000080000000, 0x0000000100000000)
  region size 1024K, 66 young (67584K), 5 survivors (5120K)
 Metaspace       used 105807K, capacity 109123K, committed 109468K, reserved 1142784K
  class space    used 13994K, capacity 15293K, committed 15384K, reserved 1048576K
}
Event: 33.871 GC heap after
{Heap after GC invocations=71 (full 0):
 garbage-first heap   total 268288K, used 150291K [0x0000000080000000, 0x0000000100000000)
  region size 1024K, 5 young (5120K), 5 survivors (5120K)
 Metaspace       used 105807K, capacity 109123K, committed 109468K, reserved 1142784K
  class space    used 13994K, capacity 15293K, committed 15384K, reserved 1048576K
}
Event: 35.226 GC heap before
{Heap before GC invocations=72 (full 0):
 garbage-first heap   total 268288K, used 212755K [0x0000000080000000, 0x0000000100000000)
  region size 1024K, 68 young (69632K), 5 survivors (5120K)
 Metaspace       used 106580K, capacity 109977K, committed 110364K, reserved 1144832K
  class space    used 14056K, capacity 15367K, committed 15512K, reserved 1048576K
}
Event: 35.255 GC heap after
{Heap after GC invocations=73 (full 0):
 garbage-first heap   total 354304K, used 150786K [0x0000000080000000, 0x0000000100000000)
  region size 1024K, 3 young (3072K), 3 survivors (3072K)
 Metaspace       used 106580K, capacity 109977K, committed 110364K, reserved 1144832K
  class space    used 14056K, capacity 15367K, committed 15512K, reserved 1048576K
}
Event: 35.375 GC heap before
{Heap before GC invocations=73 (full 0):
 garbage-first heap   total 354304K, used 165122K [0x0000000080000000, 0x0000000100000000)
  region size 1024K, 17 young (17408K), 3 survivors (3072K)
 Metaspace       used 106581K, capacity 109977K, committed 110364K, reserved 1144832K
  class space    used 14056K, capacity 15367K, committed 15512K, reserved 1048576K
}
Event: 35.386 GC heap after
{Heap after GC invocations=74 (full 0):
 garbage-first heap   total 354304K, used 151106K [0x0000000080000000, 0x0000000100000000)
  region size 1024K, 2 young (2048K), 2 survivors (2048K)
 Metaspace       used 106581K, capacity 109977K, committed 110364K, reserved 1144832K
  class space    used 14056K, capacity 15367K, committed 15512K, reserved 1048576K
}
Event: 36.162 GC heap before
{Heap before GC invocations=74 (full 0):
 garbage-first heap   total 354304K, used 249410K [0x0000000080000000, 0x0000000100000000)
  region size 1024K, 99 young (101376K), 2 survivors (2048K)
 Metaspace       used 106629K, capacity 110016K, committed 110364K, reserved 1144832K
  class space    used 14069K, capacity 15380K, committed 15512K, reserved 1048576K
}
Event: 36.172 GC heap after
{Heap after GC invocations=75 (full 0):
 garbage-first heap   total 354304K, used 152090K [0x0000000080000000, 0x0000000100000000)
  region size 1024K, 3 young (3072K), 3 survivors (3072K)
 Metaspace       used 106629K, capacity 110016K, committed 110364K, reserved 1144832K
  class space    used 14069K, capacity 15380K, committed 15512K, reserved 1048576K
}
Event: 36.963 GC heap before
{Heap before GC invocations=75 (full 0):
 garbage-first heap   total 354304K, used 272922K [0x0000000080000000, 0x0000000100000000)
  region size 1024K, 122 young (124928K), 3 survivors (3072K)
 Metaspace       used 106702K, capacity 110159K, committed 110364K, reserved 1144832K
  class space    used 14086K, capacity 15423K, committed 15512K, reserved 1048576K
}
Event: 36.978 GC heap after
{Heap after GC invocations=76 (full 0):
 garbage-first heap   total 354304K, used 156930K [0x0000000080000000, 0x0000000100000000)
  region size 1024K, 8 young (8192K), 8 survivors (8192K)
 Metaspace       used 106702K, capacity 110159K, committed 110364K, reserved 1144832K
  class space    used 14086K, capacity 15423K, committed 15512K, reserved 1048576K
}
Event: 37.843 GC heap before
{Heap before GC invocations=76 (full 0):
 garbage-first heap   total 354304K, used 291074K [0x0000000080000000, 0x0000000100000000)
  region size 1024K, 140 young (143360K), 8 survivors (8192K)
 Metaspace       used 106940K, capacity 110372K, committed 110620K, reserved 1144832K
  class space    used 14090K, capacity 15429K, committed 15512K, reserved 1048576K
}
Event: 37.920 GC heap after
{Heap after GC invocations=77 (full 0):
 garbage-first heap   total 354304K, used 162617K [0x0000000080000000, 0x0000000100000000)
  region size 1024K, 13 young (13312K), 13 survivors (13312K)
 Metaspace       used 106940K, capacity 110372K, committed 110620K, reserved 1144832K
  class space    used 14090K, capacity 15429K, committed 15512K, reserved 1048576K
}
Event: 38.526 GC heap before
{Heap before GC invocations=77 (full 0):
 garbage-first heap   total 354304K, used 292665K [0x0000000080000000, 0x0000000100000000)
  region size 1024K, 141 young (144384K), 13 survivors (13312K)
 Metaspace       used 107057K, capacity 110516K, committed 110620K, reserved 1144832K
  class space    used 14094K, capacity 15433K, committed 15512K, reserved 1048576K
}
Event: 38.599 GC heap after
{Heap after GC invocations=78 (full 0):
 garbage-first heap   total 354304K, used 169905K [0x0000000080000000, 0x0000000100000000)
  region size 1024K, 17 young (17408K), 17 survivors (17408K)
 Metaspace       used 107057K, capacity 110516K, committed 110620K, reserved 1144832K
  class space    used 14094K, capacity 15433K, committed 15512K, reserved 1048576K
}
Event: 39.102 GC heap before
{Heap before GC invocations=78 (full 0):
 garbage-first heap   total 354304K, used 291761K [0x0000000080000000, 0x0000000100000000)
  region size 1024K, 137 young (140288K), 17 survivors (17408K)
 Metaspace       used 107257K, capacity 110665K, committed 110876K, reserved 1144832K
  class space    used 14094K, capacity 15433K, committed 15512K, reserved 1048576K
}
Event: 39.204 GC heap after
{Heap after GC invocations=79 (full 0):
 garbage-first heap   total 354304K, used 175833K [0x0000000080000000, 0x0000000100000000)
  region size 1024K, 8 young (8192K), 8 survivors (8192K)
 Metaspace       used 107257K, capacity 110665K, committed 110876K, reserved 1144832K
  class space    used 14094K, capacity 15433K, committed 15512K, reserved 1048576K
}
Event: 39.761 GC heap before
{Heap before GC invocations=79 (full 0):
 garbage-first heap   total 354304K, used 294617K [0x0000000080000000, 0x0000000100000000)
  region size 1024K, 125 young (128000K), 8 survivors (8192K)
 Metaspace       used 107581K, capacity 111085K, committed 111388K, reserved 1144832K
  class space    used 14094K, capacity 15433K, committed 15512K, reserved 1048576K
}

