# JRE version: OpenJDK Runtime Environment (11.0.15) (build 11.0.15+0-b2043.56-9505619)
# Java VM: OpenJDK 64-Bit Server VM (11.0.15+0-b2043.56-9505619, mixed mode, tiered, compressed oops, g1 gc, windows-amd64)
Heap:
 garbage-first heap   total 83968K, used 42400K [0x0000000080000000, 0x0000000100000000)
  region size 1024K, 1 young (1024K), 1 survivors (1024K)
 Metaspace       used 51994K, capacity 53337K, committed 53424K, reserved 1095680K
  class space    used 6597K, capacity 7126K, committed 7168K, reserved 1048576K
GC Heap History (20 events):
Event: 15.121 GC heap after
{Heap after GC invocations=23 (full 0):
 garbage-first heap   total 57344K, used 30643K [0x0000000080000000, 0x0000000100000000)
  region size 1024K, 2 young (2048K), 2 survivors (2048K)
 Metaspace       used 43876K, capacity 44965K, committed 45232K, reserved 1089536K
  class space    used 5631K, capacity 6032K, committed 6144K, reserved 1048576K
}
Event: 15.407 GC heap before
{Heap before GC invocations=24 (full 0):
 garbage-first heap   total 57344K, used 44979K [0x0000000080000000, 0x0000000100000000)
  region size 1024K, 16 young (16384K), 2 survivors (2048K)
 Metaspace       used 45478K, capacity 46543K, committed 46640K, reserved 1089536K
  class space    used 5775K, capacity 6191K, committed 6272K, reserved 1048576K
}
Event: 15.410 GC heap after
{Heap after GC invocations=25 (full 0):
 garbage-first heap   total 57344K, used 31174K [0x0000000080000000, 0x0000000100000000)
  region size 1024K, 2 young (2048K), 2 survivors (2048K)
 Metaspace       used 45478K, capacity 46543K, committed 46640K, reserved 1089536K
  class space    used 5775K, capacity 6191K, committed 6272K, reserved 1048576K
}
Event: 15.606 GC heap before
{Heap before GC invocations=25 (full 0):
 garbage-first heap   total 57344K, used 45510K [0x0000000080000000, 0x0000000100000000)
  region size 1024K, 16 young (16384K), 2 survivors (2048K)
 Metaspace       used 46346K, capacity 47409K, committed 47536K, reserved 1091584K
  class space    used 5916K, capacity 6332K, committed 6400K, reserved 1048576K
}
Event: 15.612 GC heap after
{Heap after GC invocations=26 (full 0):
 garbage-first heap   total 57344K, used 31452K [0x0000000080000000, 0x0000000100000000)
  region size 1024K, 1 young (1024K), 1 survivors (1024K)
 Metaspace       used 46346K, capacity 47409K, committed 47536K, reserved 1091584K
  class space    used 5916K, capacity 6332K, committed 6400K, reserved 1048576K
}
Event: 15.846 GC heap before
{Heap before GC invocations=27 (full 0):
 garbage-first heap   total 57344K, used 46812K [0x0000000080000000, 0x0000000100000000)
  region size 1024K, 16 young (16384K), 1 survivors (1024K)
 Metaspace       used 47623K, capacity 48762K, committed 48944K, reserved 1091584K
  class space    used 6077K, capacity 6506K, committed 6528K, reserved 1048576K
}
Event: 15.849 GC heap after
{Heap after GC invocations=28 (full 0):
 garbage-first heap   total 57344K, used 31773K [0x0000000080000000, 0x0000000100000000)
  region size 1024K, 2 young (2048K), 2 survivors (2048K)
 Metaspace       used 47623K, capacity 48762K, committed 48944K, reserved 1091584K
  class space    used 6077K, capacity 6506K, committed 6528K, reserved 1048576K
}
Event: 16.250 GC heap before
{Heap before GC invocations=28 (full 0):
 garbage-first heap   total 57344K, used 46109K [0x0000000080000000, 0x0000000100000000)
  region size 1024K, 16 young (16384K), 2 survivors (2048K)
 Metaspace       used 48559K, capacity 49781K, committed 49840K, reserved 1093632K
  class space    used 6205K, capacity 6656K, committed 6656K, reserved 1048576K
}
Event: 16.257 GC heap after
{Heap after GC invocations=29 (full 0):
 garbage-first heap   total 57344K, used 32617K [0x0000000080000000, 0x0000000100000000)
  region size 1024K, 2 young (2048K), 2 survivors (2048K)
 Metaspace       used 48559K, capacity 49781K, committed 49840K, reserved 1093632K
  class space    used 6205K, capacity 6656K, committed 6656K, reserved 1048576K
}
Event: 16.694 GC heap before
{Heap before GC invocations=30 (full 0):
 garbage-first heap   total 57344K, used 45929K [0x0000000080000000, 0x0000000100000000)
  region size 1024K, 16 young (16384K), 2 survivors (2048K)
 Metaspace       used 49045K, capacity 50244K, committed 50480K, reserved 1093632K
  class space    used 6241K, capacity 6702K, committed 6784K, reserved 1048576K
}
Event: 16.700 GC heap after
{Heap after GC invocations=31 (full 0):
 garbage-first heap   total 57344K, used 33140K [0x0000000080000000, 0x0000000100000000)
  region size 1024K, 2 young (2048K), 2 survivors (2048K)
 Metaspace       used 49045K, capacity 50244K, committed 50480K, reserved 1093632K
  class space    used 6241K, capacity 6702K, committed 6784K, reserved 1048576K
}
Event: 17.082 GC heap before
{Heap before GC invocations=31 (full 0):
 garbage-first heap   total 57344K, used 44404K [0x0000000080000000, 0x0000000100000000)
  region size 1024K, 15 young (15360K), 2 survivors (2048K)
 Metaspace       used 49507K, capacity 50828K, committed 51120K, reserved 1093632K
  class space    used 6285K, capacity 6797K, committed 6912K, reserved 1048576K
}
Event: 17.088 GC heap after
{Heap after GC invocations=32 (full 0):
 garbage-first heap   total 69632K, used 33999K [0x0000000080000000, 0x0000000100000000)
  region size 1024K, 2 young (2048K), 2 survivors (2048K)
 Metaspace       used 49507K, capacity 50828K, committed 51120K, reserved 1093632K
  class space    used 6285K, capacity 6797K, committed 6912K, reserved 1048576K
}
Event: 17.192 GC heap before
{Heap before GC invocations=33 (full 0):
 garbage-first heap   total 69632K, used 36047K [0x0000000080000000, 0x0000000100000000)
  region size 1024K, 5 young (5120K), 2 survivors (2048K)
 Metaspace       used 49691K, capacity 50978K, committed 51120K, reserved 1093632K
  class space    used 6305K, capacity 6807K, committed 6912K, reserved 1048576K
}
Event: 17.198 GC heap after
{Heap after GC invocations=34 (full 0):
 garbage-first heap   total 69632K, used 36587K [0x0000000080000000, 0x0000000100000000)
  region size 1024K, 3 young (3072K), 3 survivors (3072K)
 Metaspace       used 49691K, capacity 50978K, committed 51120K, reserved 1093632K
  class space    used 6305K, capacity 6807K, committed 6912K, reserved 1048576K
}
Event: 17.359 GC heap before
{Heap before GC invocations=35 (full 0):
 garbage-first heap   total 69632K, used 39659K [0x0000000080000000, 0x0000000100000000)
  region size 1024K, 7 young (7168K), 3 survivors (3072K)
 Metaspace       used 49712K, capacity 50978K, committed 51120K, reserved 1093632K
  class space    used 6308K, capacity 6807K, committed 6912K, reserved 1048576K
}
Event: 17.368 GC heap after
{Heap after GC invocations=36 (full 0):
 garbage-first heap   total 69632K, used 40365K [0x0000000080000000, 0x0000000100000000)
  region size 1024K, 3 young (3072K), 3 survivors (3072K)
 Metaspace       used 49712K, capacity 50978K, committed 51120K, reserved 1093632K
  class space    used 6308K, capacity 6807K, committed 6912K, reserved 1048576K
}
Event: 17.707 GC heap before
{Heap before GC invocations=37 (full 0):
 garbage-first heap   total 69632K, used 52653K [0x0000000080000000, 0x0000000100000000)
  region size 1024K, 14 young (14336K), 3 survivors (3072K)
 Metaspace       used 50805K, capacity 52095K, committed 52272K, reserved 1095680K
  class space    used 6441K, capacity 6966K, committed 7040K, reserved 1048576K
}
Event: 17.710 GC heap after
{Heap after GC invocations=38 (full 0):
 garbage-first heap   total 69632K, used 42073K [0x0000000080000000, 0x0000000100000000)
  region size 1024K, 2 young (2048K), 2 survivors (2048K)
 Metaspace       used 50805K, capacity 52095K, committed 52272K, reserved 1095680K
  class space    used 6441K, capacity 6966K, committed 7040K, reserved 1048576K
}
Event: 17.956 GC heap before
{Heap before GC invocations=38 (full 0):
 garbage-first heap   total 69632K, used 52313K [0x0000000080000000, 0x0000000100000000)
  region size 1024K, 12 young (12288K), 2 survivors (2048K)
 Metaspace       used 51994K, capacity 53337K, committed 53424K, reserved 1095680K
  class space    used 6597K, capacity 7126K, committed 7168K, reserved 1048576K
}

