# JRE version: OpenJDK Runtime Environment (11.0.15) (build 11.0.15+0-b2043.56-9505619)
# Java VM: OpenJDK 64-Bit Server VM (11.0.15+0-b2043.56-9505619, mixed mode, tiered, compressed oops, g1 gc, windows-amd64)
Heap:
 garbage-first heap   total 442368K, used 208858K [0x0000000080000000, 0x0000000100000000)
  region size 1024K, 2 young (2048K), 2 survivors (2048K)
 Metaspace       used 125116K, capacity 128368K, committed 128508K, reserved 1161216K
  class space    used 15424K, capacity 16649K, committed 16716K, reserved 1048576K
GC Heap History (20 events):
Event: 4631.431 GC heap after
{Heap after GC invocations=134 (full 0):
 garbage-first heap   total 279552K, used 201703K [0x0000000080000000, 0x0000000100000000)
  region size 1024K, 2 young (2048K), 2 survivors (2048K)
 Metaspace       used 117484K, capacity 120584K, committed 121084K, reserved 1155072K
  class space    used 14685K, capacity 15807K, committed 15948K, reserved 1048576K
}
Event: 4632.018 GC heap before
{Heap before GC invocations=135 (full 0):
 garbage-first heap   total 279552K, used 222183K [0x0000000080000000, 0x0000000100000000)
  region size 1024K, 22 young (22528K), 2 survivors (2048K)
 Metaspace       used 117779K, capacity 120814K, committed 121340K, reserved 1155072K
  class space    used 14702K, capacity 15816K, committed 15948K, reserved 1048576K
}
Event: 4632.041 GC heap after
{Heap after GC invocations=136 (full 0):
 garbage-first heap   total 279552K, used 206659K [0x0000000080000000, 0x0000000100000000)
  region size 1024K, 3 young (3072K), 3 survivors (3072K)
 Metaspace       used 117779K, capacity 120814K, committed 121340K, reserved 1155072K
  class space    used 14702K, capacity 15816K, committed 15948K, reserved 1048576K
}
Event: 4632.072 GC heap before
{Heap before GC invocations=136 (full 0):
 garbage-first heap   total 279552K, used 207683K [0x0000000080000000, 0x0000000100000000)
  region size 1024K, 5 young (5120K), 3 survivors (3072K)
 Metaspace       used 117807K, capacity 120814K, committed 121340K, reserved 1155072K
  class space    used 14702K, capacity 15816K, committed 15948K, reserved 1048576K
}
Event: 4632.094 GC heap after
{Heap after GC invocations=137 (full 0):
 garbage-first heap   total 279552K, used 208083K [0x0000000080000000, 0x0000000100000000)
  region size 1024K, 1 young (1024K), 1 survivors (1024K)
 Metaspace       used 117807K, capacity 120814K, committed 121340K, reserved 1155072K
  class space    used 14702K, capacity 15816K, committed 15948K, reserved 1048576K
}
Event: 4632.696 GC heap before
{Heap before GC invocations=138 (full 0):
 garbage-first heap   total 279552K, used 231635K [0x0000000080000000, 0x0000000100000000)
  region size 1024K, 17 young (17408K), 1 survivors (1024K)
 Metaspace       used 117969K, capacity 120985K, committed 121340K, reserved 1155072K
  class space    used 14718K, capacity 15829K, committed 15948K, reserved 1048576K
}
Event: 4632.706 GC heap after
{Heap after GC invocations=139 (full 0):
 garbage-first heap   total 279552K, used 209886K [0x0000000080000000, 0x0000000100000000)
  region size 1024K, 3 young (3072K), 3 survivors (3072K)
 Metaspace       used 117969K, capacity 120985K, committed 121340K, reserved 1155072K
  class space    used 14718K, capacity 15829K, committed 15948K, reserved 1048576K
}
Event: 4633.290 GC heap before
{Heap before GC invocations=139 (full 0):
 garbage-first heap   total 279552K, used 226270K [0x0000000080000000, 0x0000000100000000)
  region size 1024K, 20 young (20480K), 3 survivors (3072K)
 Metaspace       used 118084K, capacity 121149K, committed 121724K, reserved 1155072K
  class space    used 14727K, capacity 15862K, committed 16076K, reserved 1048576K
}
Event: 4633.301 GC heap after
{Heap after GC invocations=140 (full 0):
 garbage-first heap   total 279552K, used 211479K [0x0000000080000000, 0x0000000100000000)
  region size 1024K, 2 young (2048K), 2 survivors (2048K)
 Metaspace       used 118084K, capacity 121149K, committed 121724K, reserved 1155072K
  class space    used 14727K, capacity 15862K, committed 16076K, reserved 1048576K
}
Event: 4633.791 GC heap before
{Heap before GC invocations=141 (full 0):
 garbage-first heap   total 279552K, used 246295K [0x0000000080000000, 0x0000000100000000)
  region size 1024K, 20 young (20480K), 2 survivors (2048K)
 Metaspace       used 118381K, capacity 121432K, committed 121724K, reserved 1155072K
  class space    used 14749K, capacity 15877K, committed 16076K, reserved 1048576K
}
Event: 4633.799 GC heap after
{Heap after GC invocations=142 (full 0):
 garbage-first heap   total 335872K, used 212801K [0x0000000080000000, 0x0000000100000000)
  region size 1024K, 3 young (3072K), 3 survivors (3072K)
 Metaspace       used 118381K, capacity 121432K, committed 121724K, reserved 1155072K
  class space    used 14749K, capacity 15877K, committed 16076K, reserved 1048576K
}
Event: 4634.402 GC heap before
{Heap before GC invocations=142 (full 0):
 garbage-first heap   total 335872K, used 250689K [0x0000000080000000, 0x0000000100000000)
  region size 1024K, 42 young (43008K), 3 survivors (3072K)
 Metaspace       used 121373K, capacity 124574K, committed 124668K, reserved 1157120K
  class space    used 15018K, capacity 16165K, committed 16204K, reserved 1048576K
}
Event: 4634.420 GC heap after
{Heap after GC invocations=143 (full 0):
 garbage-first heap   total 335872K, used 217750K [0x0000000080000000, 0x0000000100000000)
  region size 1024K, 6 young (6144K), 6 survivors (6144K)
 Metaspace       used 121373K, capacity 124574K, committed 124668K, reserved 1157120K
  class space    used 15018K, capacity 16165K, committed 16204K, reserved 1048576K
}
Event: 4635.075 GC heap before
{Heap before GC invocations=144 (full 0):
 garbage-first heap   total 335872K, used 259734K [0x0000000080000000, 0x0000000100000000)
  region size 1024K, 46 young (47104K), 6 survivors (6144K)
 Metaspace       used 121750K, capacity 124951K, committed 125180K, reserved 1159168K
  class space    used 15033K, capacity 16179K, committed 16204K, reserved 1048576K
}
Event: 4635.109 GC heap after
{Heap after GC invocations=145 (full 0):
 garbage-first heap   total 335872K, used 219580K [0x0000000080000000, 0x0000000100000000)
  region size 1024K, 3 young (3072K), 3 survivors (3072K)
 Metaspace       used 121750K, capacity 124951K, committed 125180K, reserved 1159168K
  class space    used 15033K, capacity 16179K, committed 16204K, reserved 1048576K
}
Event: 4635.230 GC heap before
{Heap before GC invocations=145 (full 0):
 garbage-first heap   total 335872K, used 232892K [0x0000000080000000, 0x0000000100000000)
  region size 1024K, 16 young (16384K), 3 survivors (3072K)
 Metaspace       used 122010K, capacity 125185K, committed 125308K, reserved 1159168K
  class space    used 15054K, capacity 16212K, committed 16332K, reserved 1048576K
}
Event: 4635.242 GC heap after
{Heap after GC invocations=146 (full 0):
 garbage-first heap   total 335872K, used 212003K [0x0000000080000000, 0x0000000100000000)
  region size 1024K, 2 young (2048K), 2 survivors (2048K)
 Metaspace       used 122010K, capacity 125185K, committed 125308K, reserved 1159168K
  class space    used 15054K, capacity 16212K, committed 16332K, reserved 1048576K
}
Event: 4635.876 GC heap before
{Heap before GC invocations=146 (full 0):
 garbage-first heap   total 335872K, used 257059K [0x0000000080000000, 0x0000000100000000)
  region size 1024K, 47 young (48128K), 2 survivors (2048K)
 Metaspace       used 123414K, capacity 126727K, committed 126972K, reserved 1159168K
  class space    used 15209K, capacity 16403K, committed 16460K, reserved 1048576K
}
Event: 4635.908 GC heap after
{Heap after GC invocations=147 (full 0):
 garbage-first heap   total 335872K, used 217689K [0x0000000080000000, 0x0000000100000000)
  region size 1024K, 6 young (6144K), 6 survivors (6144K)
 Metaspace       used 123414K, capacity 126727K, committed 126972K, reserved 1159168K
  class space    used 15209K, capacity 16403K, committed 16460K, reserved 1048576K
}
Event: 4638.507 GC heap before
{Heap before GC invocations=148 (full 0):
 garbage-first heap   total 335872K, used 256601K [0x0000000080000000, 0x0000000100000000)
  region size 1024K, 52 young (53248K), 6 survivors (6144K)
 Metaspace       used 125116K, capacity 128368K, committed 128508K, reserved 1161216K
  class space    used 15424K, capacity 16649K, committed 16716K, reserved 1048576K
}

