# JRE version: OpenJDK Runtime Environment (11.0.15) (build 11.0.15+0-b2043.56-9505619)
# Java VM: OpenJDK 64-Bit Server VM (11.0.15+0-b2043.56-9505619, mixed mode, tiered, compressed oops, g1 gc, windows-amd64)
Heap:
 garbage-first heap   total 395264K, used 258270K [0x0000000080000000, 0x0000000100000000)
  region size 1024K, 103 young (105472K), 12 survivors (12288K)
 Metaspace       used 106988K, capacity 110589K, committed 110896K, reserved 1144832K
  class space    used 14114K, capacity 15617K, committed 15744K, reserved 1048576K
GC Heap History (20 events):
Event: 46.154 GC heap before
{Heap before GC invocations=64 (full 0):
 garbage-first heap   total 257024K, used 193508K [0x0000000080000000, 0x0000000100000000)
  region size 1024K, 65 young (66560K), 9 survivors (9216K)
 Metaspace       used 99093K, capacity 102357K, committed 102576K, reserved 1136640K
  class space    used 13129K, capacity 14471K, committed 14592K, reserved 1048576K
}
Event: 46.311 GC heap after
{Heap after GC invocations=65 (full 0):
 garbage-first heap   total 257024K, used 146432K [0x0000000080000000, 0x0000000100000000)
  region size 1024K, 9 young (9216K), 9 survivors (9216K)
 Metaspace       used 99093K, capacity 102357K, committed 102576K, reserved 1136640K
  class space    used 13129K, capacity 14471K, committed 14592K, reserved 1048576K
}
Event: 47.036 GC heap before
{Heap before GC invocations=66 (full 0):
 garbage-first heap   total 257024K, used 199680K [0x0000000080000000, 0x0000000100000000)
  region size 1024K, 61 young (62464K), 9 survivors (9216K)
 Metaspace       used 100678K, capacity 103870K, committed 104112K, reserved 1138688K
  class space    used 13390K, capacity 14741K, committed 14848K, reserved 1048576K
}
Event: 47.225 GC heap after
{Heap after GC invocations=67 (full 0):
 garbage-first heap   total 395264K, used 155075K [0x0000000080000000, 0x0000000100000000)
  region size 1024K, 8 young (8192K), 8 survivors (8192K)
 Metaspace       used 100678K, capacity 103870K, committed 104112K, reserved 1138688K
  class space    used 13390K, capacity 14741K, committed 14848K, reserved 1048576K
}
Event: 48.116 GC heap before
{Heap before GC invocations=67 (full 0):
 garbage-first heap   total 395264K, used 224707K [0x0000000080000000, 0x0000000100000000)
  region size 1024K, 77 young (78848K), 8 survivors (8192K)
 Metaspace       used 102579K, capacity 105899K, committed 106160K, reserved 1140736K
  class space    used 13661K, capacity 15056K, committed 15104K, reserved 1048576K
}
Event: 48.144 GC heap after
{Heap after GC invocations=68 (full 0):
 garbage-first heap   total 395264K, used 159134K [0x0000000080000000, 0x0000000100000000)
  region size 1024K, 5 young (5120K), 5 survivors (5120K)
 Metaspace       used 102579K, capacity 105899K, committed 106160K, reserved 1140736K
  class space    used 13661K, capacity 15056K, committed 15104K, reserved 1048576K
}
Event: 49.085 GC heap before
{Heap before GC invocations=68 (full 0):
 garbage-first heap   total 395264K, used 265630K [0x0000000080000000, 0x0000000100000000)
  region size 1024K, 110 young (112640K), 5 survivors (5120K)
 Metaspace       used 103387K, capacity 106730K, committed 106800K, reserved 1140736K
  class space    used 13756K, capacity 15176K, committed 15232K, reserved 1048576K
}
Event: 49.103 GC heap after
{Heap after GC invocations=69 (full 0):
 garbage-first heap   total 395264K, used 159765K [0x0000000080000000, 0x0000000100000000)
  region size 1024K, 5 young (5120K), 5 survivors (5120K)
 Metaspace       used 103387K, capacity 106730K, committed 106800K, reserved 1140736K
  class space    used 13756K, capacity 15176K, committed 15232K, reserved 1048576K
}
Event: 49.967 GC heap before
{Heap before GC invocations=69 (full 0):
 garbage-first heap   total 395264K, used 314389K [0x0000000080000000, 0x0000000100000000)
  region size 1024K, 156 young (159744K), 5 survivors (5120K)
 Metaspace       used 103753K, capacity 107151K, committed 107312K, reserved 1140736K
  class space    used 13810K, capacity 15231K, committed 15232K, reserved 1048576K
}
Event: 49.991 GC heap after
{Heap after GC invocations=70 (full 0):
 garbage-first heap   total 395264K, used 160609K [0x0000000080000000, 0x0000000100000000)
  region size 1024K, 6 young (6144K), 6 survivors (6144K)
 Metaspace       used 103753K, capacity 107151K, committed 107312K, reserved 1140736K
  class space    used 13810K, capacity 15231K, committed 15232K, reserved 1048576K
}
Event: 51.044 GC heap before
{Heap before GC invocations=70 (full 0):
 garbage-first heap   total 395264K, used 322401K [0x0000000080000000, 0x0000000100000000)
  region size 1024K, 164 young (167936K), 6 survivors (6144K)
 Metaspace       used 104913K, capacity 108455K, committed 108592K, reserved 1142784K
  class space    used 13953K, capacity 15432K, committed 15488K, reserved 1048576K
}
Event: 51.059 GC heap after
{Heap after GC invocations=71 (full 0):
 garbage-first heap   total 395264K, used 160934K [0x0000000080000000, 0x0000000100000000)
  region size 1024K, 6 young (6144K), 6 survivors (6144K)
 Metaspace       used 104913K, capacity 108455K, committed 108592K, reserved 1142784K
  class space    used 13953K, capacity 15432K, committed 15488K, reserved 1048576K
}
Event: 52.822 GC heap before
{Heap before GC invocations=71 (full 0):
 garbage-first heap   total 395264K, used 330918K [0x0000000080000000, 0x0000000100000000)
  region size 1024K, 173 young (177152K), 6 survivors (6144K)
 Metaspace       used 106065K, capacity 109667K, committed 109744K, reserved 1142784K
  class space    used 14085K, capacity 15596K, committed 15616K, reserved 1048576K
}
Event: 52.900 GC heap after
{Heap after GC invocations=72 (full 0):
 garbage-first heap   total 395264K, used 162799K [0x0000000080000000, 0x0000000100000000)
  region size 1024K, 8 young (8192K), 8 survivors (8192K)
 Metaspace       used 106065K, capacity 109667K, committed 109744K, reserved 1142784K
  class space    used 14085K, capacity 15596K, committed 15616K, reserved 1048576K
}
Event: 53.668 GC heap before
{Heap before GC invocations=72 (full 0):
 garbage-first heap   total 395264K, used 333807K [0x0000000080000000, 0x0000000100000000)
  region size 1024K, 175 young (179200K), 8 survivors (8192K)
 Metaspace       used 106501K, capacity 110134K, committed 110256K, reserved 1144832K
  class space    used 14112K, capacity 15613K, committed 15616K, reserved 1048576K
}
Event: 53.685 GC heap after
{Heap after GC invocations=73 (full 0):
 garbage-first heap   total 395264K, used 162014K [0x0000000080000000, 0x0000000100000000)
  region size 1024K, 7 young (7168K), 7 survivors (7168K)
 Metaspace       used 106501K, capacity 110134K, committed 110256K, reserved 1144832K
  class space    used 14112K, capacity 15613K, committed 15616K, reserved 1048576K
}
Event: 54.323 GC heap before
{Heap before GC invocations=73 (full 0):
 garbage-first heap   total 395264K, used 336094K [0x0000000080000000, 0x0000000100000000)
  region size 1024K, 177 young (181248K), 7 survivors (7168K)
 Metaspace       used 106715K, capacity 110356K, committed 110512K, reserved 1144832K
  class space    used 14113K, capacity 15616K, committed 15616K, reserved 1048576K
}
Event: 54.341 GC heap after
{Heap after GC invocations=74 (full 0):
 garbage-first heap   total 395264K, used 163852K [0x0000000080000000, 0x0000000100000000)
  region size 1024K, 9 young (9216K), 9 survivors (9216K)
 Metaspace       used 106715K, capacity 110356K, committed 110512K, reserved 1144832K
  class space    used 14113K, capacity 15616K, committed 15616K, reserved 1048576K
}
Event: 54.891 GC heap before
{Heap before GC invocations=74 (full 0):
 garbage-first heap   total 395264K, used 336908K [0x0000000080000000, 0x0000000100000000)
  region size 1024K, 179 young (183296K), 9 survivors (9216K)
 Metaspace       used 106925K, capacity 110514K, committed 110768K, reserved 1144832K
  class space    used 14113K, capacity 15616K, committed 15616K, reserved 1048576K
}
Event: 54.909 GC heap after
{Heap after GC invocations=75 (full 0):
 garbage-first heap   total 395264K, used 167134K [0x0000000080000000, 0x0000000100000000)
  region size 1024K, 12 young (12288K), 12 survivors (12288K)
 Metaspace       used 106925K, capacity 110514K, committed 110768K, reserved 1144832K
  class space    used 14113K, capacity 15616K, committed 15616K, reserved 1048576K
}

