# JRE version: OpenJDK Runtime Environment (11.0.15) (build 11.0.15+0-b2043.56-9505619)
# Java VM: OpenJDK 64-Bit Server VM (11.0.15+0-b2043.56-9505619, mixed mode, tiered, compressed oops, g1 gc, windows-amd64)
Heap:
 garbage-first heap   total 528384K, used 190139K [0x0000000080000000, 0x0000000100000000)
  region size 1024K, 5 young (5120K), 5 survivors (5120K)
 Metaspace       used 107412K, capacity 111420K, committed 111664K, reserved 1144832K
  class space    used 14300K, capacity 15963K, committed 16000K, reserved 1048576K
GC Heap History (20 events):
Event: 69.173 GC heap after
{Heap after GC invocations=84 (full 0):
 garbage-first heap   total 405504K, used 132096K [0x0000000080000000, 0x0000000100000000)
  region size 1024K, 11 young (11264K), 11 survivors (11264K)
 Metaspace       used 97511K, capacity 100547K, committed 100784K, reserved 1136640K
  class space    used 12831K, capacity 14001K, committed 14080K, reserved 1048576K
}
Event: 69.539 GC heap before
{Heap before GC invocations=84 (full 0):
 garbage-first heap   total 405504K, used 205824K [0x0000000080000000, 0x0000000100000000)
  region size 1024K, 83 young (84992K), 11 survivors (11264K)
 Metaspace       used 98618K, capacity 102034K, committed 102320K, reserved 1136640K
  class space    used 13114K, capacity 14520K, committed 14592K, reserved 1048576K
}
Event: 69.596 GC heap after
{Heap after GC invocations=85 (full 0):
 garbage-first heap   total 405504K, used 145686K [0x0000000080000000, 0x0000000100000000)
  region size 1024K, 11 young (11264K), 11 survivors (11264K)
 Metaspace       used 98618K, capacity 102034K, committed 102320K, reserved 1136640K
  class space    used 13114K, capacity 14520K, committed 14592K, reserved 1048576K
}
Event: 69.948 GC heap before
{Heap before GC invocations=85 (full 0):
 garbage-first heap   total 405504K, used 232726K [0x0000000080000000, 0x0000000100000000)
  region size 1024K, 97 young (99328K), 11 survivors (11264K)
 Metaspace       used 99347K, capacity 102813K, committed 102960K, reserved 1138688K
  class space    used 13228K, capacity 14669K, committed 14720K, reserved 1048576K
}
Event: 70.010 GC heap after
{Heap after GC invocations=86 (full 0):
 garbage-first heap   total 405504K, used 160768K [0x0000000080000000, 0x0000000100000000)
  region size 1024K, 13 young (13312K), 13 survivors (13312K)
 Metaspace       used 99347K, capacity 102813K, committed 102960K, reserved 1138688K
  class space    used 13228K, capacity 14669K, committed 14720K, reserved 1048576K
}
Event: 70.378 GC heap before
{Heap before GC invocations=86 (full 0):
 garbage-first heap   total 405504K, used 257024K [0x0000000080000000, 0x0000000100000000)
  region size 1024K, 108 young (110592K), 13 survivors (13312K)
 Metaspace       used 100054K, capacity 103596K, committed 103856K, reserved 1138688K
  class space    used 13346K, capacity 14805K, committed 14848K, reserved 1048576K
}
Event: 70.429 GC heap after
{Heap after GC invocations=87 (full 0):
 garbage-first heap   total 405504K, used 177457K [0x0000000080000000, 0x0000000100000000)
  region size 1024K, 14 young (14336K), 14 survivors (14336K)
 Metaspace       used 100054K, capacity 103596K, committed 103856K, reserved 1138688K
  class space    used 13346K, capacity 14805K, committed 14848K, reserved 1048576K
}
Event: 72.257 GC heap before
{Heap before GC invocations=87 (full 0):
 garbage-first heap   total 405504K, used 283953K [0x0000000080000000, 0x0000000100000000)
  region size 1024K, 118 young (120832K), 14 survivors (14336K)
 Metaspace       used 104403K, capacity 108301K, committed 108592K, reserved 1142784K
  class space    used 14037K, capacity 15630K, committed 15744K, reserved 1048576K
}
Event: 72.407 GC heap after
{Heap after GC invocations=88 (full 0):
 garbage-first heap   total 405504K, used 186730K [0x0000000080000000, 0x0000000100000000)
  region size 1024K, 8 young (8192K), 8 survivors (8192K)
 Metaspace       used 104403K, capacity 108301K, committed 108592K, reserved 1142784K
  class space    used 14037K, capacity 15630K, committed 15744K, reserved 1048576K
}
Event: 73.585 GC heap before
{Heap before GC invocations=88 (full 0):
 garbage-first heap   total 405504K, used 296298K [0x0000000080000000, 0x0000000100000000)
  region size 1024K, 116 young (118784K), 8 survivors (8192K)
 Metaspace       used 105815K, capacity 109782K, committed 110000K, reserved 1142784K
  class space    used 14204K, capacity 15846K, committed 15872K, reserved 1048576K
}
Event: 73.611 GC heap after
{Heap after GC invocations=89 (full 0):
 garbage-first heap   total 405504K, used 187940K [0x0000000080000000, 0x0000000100000000)
  region size 1024K, 9 young (9216K), 9 survivors (9216K)
 Metaspace       used 105815K, capacity 109782K, committed 110000K, reserved 1142784K
  class space    used 14204K, capacity 15846K, committed 15872K, reserved 1048576K
}
Event: 74.506 GC heap before
{Heap before GC invocations=89 (full 0):
 garbage-first heap   total 405504K, used 306724K [0x0000000080000000, 0x0000000100000000)
  region size 1024K, 125 young (128000K), 9 survivors (9216K)
 Metaspace       used 106520K, capacity 110521K, committed 110640K, reserved 1144832K
  class space    used 14283K, capacity 15942K, committed 16000K, reserved 1048576K
}
Event: 74.543 GC heap after
{Heap after GC invocations=90 (full 0):
 garbage-first heap   total 405504K, used 187470K [0x0000000080000000, 0x0000000100000000)
  region size 1024K, 9 young (9216K), 9 survivors (9216K)
 Metaspace       used 106520K, capacity 110521K, committed 110640K, reserved 1144832K
  class space    used 14283K, capacity 15942K, committed 16000K, reserved 1048576K
}
Event: 75.745 GC heap before
{Heap before GC invocations=90 (full 0):
 garbage-first heap   total 405504K, used 328782K [0x0000000080000000, 0x0000000100000000)
  region size 1024K, 147 young (150528K), 9 survivors (9216K)
 Metaspace       used 106754K, capacity 110755K, committed 110896K, reserved 1144832K
  class space    used 14288K, capacity 15951K, committed 16000K, reserved 1048576K
}
Event: 75.773 GC heap after
{Heap after GC invocations=91 (full 0):
 garbage-first heap   total 405504K, used 189098K [0x0000000080000000, 0x0000000100000000)
  region size 1024K, 10 young (10240K), 10 survivors (10240K)
 Metaspace       used 106754K, capacity 110755K, committed 110896K, reserved 1144832K
  class space    used 14288K, capacity 15951K, committed 16000K, reserved 1048576K
}
Event: 76.609 GC heap before
{Heap before GC invocations=91 (full 0):
 garbage-first heap   total 405504K, used 332458K [0x0000000080000000, 0x0000000100000000)
  region size 1024K, 150 young (153600K), 10 survivors (10240K)
 Metaspace       used 107002K, capacity 111048K, committed 111152K, reserved 1144832K
  class space    used 14296K, capacity 15956K, committed 16000K, reserved 1048576K
}
Event: 76.653 GC heap after
{Heap after GC invocations=92 (full 0):
 garbage-first heap   total 405504K, used 190371K [0x0000000080000000, 0x0000000100000000)
  region size 1024K, 12 young (12288K), 12 survivors (12288K)
 Metaspace       used 107002K, capacity 111048K, committed 111152K, reserved 1144832K
  class space    used 14296K, capacity 15956K, committed 16000K, reserved 1048576K
}
Event: 77.472 GC heap before
{Heap before GC invocations=92 (full 0):
 garbage-first heap   total 405504K, used 337827K [0x0000000080000000, 0x0000000100000000)
  region size 1024K, 156 young (159744K), 12 survivors (12288K)
 Metaspace       used 107261K, capacity 111270K, committed 111408K, reserved 1144832K
  class space    used 14298K, capacity 15959K, committed 16000K, reserved 1048576K
}
Event: 77.509 GC heap after
{Heap after GC invocations=93 (full 0):
 garbage-first heap   total 405504K, used 190384K [0x0000000080000000, 0x0000000100000000)
  region size 1024K, 5 young (5120K), 5 survivors (5120K)
 Metaspace       used 107261K, capacity 111270K, committed 111408K, reserved 1144832K
  class space    used 14298K, capacity 15959K, committed 16000K, reserved 1048576K
}
Event: 78.312 GC heap before
{Heap before GC invocations=93 (full 0):
 garbage-first heap   total 405504K, used 343984K [0x0000000080000000, 0x0000000100000000)
  region size 1024K, 155 young (158720K), 5 survivors (5120K)
 Metaspace       used 107412K, capacity 111420K, committed 111664K, reserved 1144832K
  class space    used 14300K, capacity 15963K, committed 16000K, reserved 1048576K
}

