# JRE version: OpenJDK Runtime Environment (11.0.15) (build 11.0.15+0-b2043.56-9505619)
# Java VM: OpenJDK 64-Bit Server VM (11.0.15+0-b2043.56-9505619, mixed mode, tiered, compressed oops, g1 gc, windows-amd64)
Heap:
 garbage-first heap   total 348160K, used 158832K [0x0000000080000000, 0x0000000100000000)
  region size 1024K, 2 young (2048K), 2 survivors (2048K)
 Metaspace       used 102620K, capacity 105458K, committed 106524K, reserved 1140736K
  class space    used 13471K, capacity 14587K, committed 15000K, reserved 1048576K
GC Heap History (20 events):
Event: 25.196 GC heap after
{Heap after GC invocations=50 (full 0):
 garbage-first heap   total 176128K, used 93440K [0x0000000080000000, 0x0000000100000000)
  region size 1024K, 8 young (8192K), 8 survivors (8192K)
 Metaspace       used 90872K, capacity 93489K, committed 93724K, reserved 1130496K
  class space    used 11885K, capacity 12902K, committed 12952K, reserved 1048576K
}
Event: 25.853 GC heap before
{Heap before GC invocations=50 (full 0):
 garbage-first heap   total 176128K, used 138496K [0x0000000080000000, 0x0000000100000000)
  region size 1024K, 53 young (54272K), 8 survivors (8192K)
 Metaspace       used 94171K, capacity 97066K, committed 97180K, reserved 1132544K
  class space    used 12382K, capacity 13500K, committed 13592K, reserved 1048576K
}
Event: 25.882 GC heap after
{Heap after GC invocations=51 (full 0):
 garbage-first heap   total 176128K, used 99222K [0x0000000080000000, 0x0000000100000000)
  region size 1024K, 7 young (7168K), 7 survivors (7168K)
 Metaspace       used 94171K, capacity 97066K, committed 97180K, reserved 1132544K
  class space    used 12382K, capacity 13500K, committed 13592K, reserved 1048576K
}
Event: 26.163 GC heap before
{Heap before GC invocations=51 (full 0):
 garbage-first heap   total 176128K, used 140182K [0x0000000080000000, 0x0000000100000000)
  region size 1024K, 47 young (48128K), 7 survivors (7168K)
 Metaspace       used 94660K, capacity 97531K, committed 97692K, reserved 1134592K
  class space    used 12432K, capacity 13548K, committed 13592K, reserved 1048576K
}
Event: 26.212 GC heap after
{Heap after GC invocations=52 (full 0):
 garbage-first heap   total 211968K, used 105923K [0x0000000080000000, 0x0000000100000000)
  region size 1024K, 6 young (6144K), 6 survivors (6144K)
 Metaspace       used 94660K, capacity 97531K, committed 97692K, reserved 1134592K
  class space    used 12432K, capacity 13548K, committed 13592K, reserved 1048576K
}
Event: 27.603 GC heap before
{Heap before GC invocations=53 (full 0):
 garbage-first heap   total 211968K, used 159171K [0x0000000080000000, 0x0000000100000000)
  region size 1024K, 59 young (60416K), 6 survivors (6144K)
 Metaspace       used 96414K, capacity 99345K, committed 99612K, reserved 1134592K
  class space    used 12688K, capacity 13823K, committed 13976K, reserved 1048576K
}
Event: 27.634 GC heap after
{Heap after GC invocations=54 (full 0):
 garbage-first heap   total 211968K, used 116382K [0x0000000080000000, 0x0000000100000000)
  region size 1024K, 8 young (8192K), 8 survivors (8192K)
 Metaspace       used 96414K, capacity 99345K, committed 99612K, reserved 1134592K
  class space    used 12688K, capacity 13823K, committed 13976K, reserved 1048576K
}
Event: 27.810 GC heap before
{Heap before GC invocations=54 (full 0):
 garbage-first heap   total 211968K, used 165534K [0x0000000080000000, 0x0000000100000000)
  region size 1024K, 56 young (57344K), 8 survivors (8192K)
 Metaspace       used 97103K, capacity 99988K, committed 100380K, reserved 1136640K
  class space    used 12770K, capacity 13887K, committed 13976K, reserved 1048576K
}
Event: 27.838 GC heap after
{Heap after GC invocations=55 (full 0):
 garbage-first heap   total 211968K, used 125496K [0x0000000080000000, 0x0000000100000000)
  region size 1024K, 7 young (7168K), 7 survivors (7168K)
 Metaspace       used 97103K, capacity 99988K, committed 100380K, reserved 1136640K
  class space    used 12770K, capacity 13887K, committed 13976K, reserved 1048576K
}
Event: 28.246 GC heap before
{Heap before GC invocations=56 (full 0):
 garbage-first heap   total 211968K, used 168504K [0x0000000080000000, 0x0000000100000000)
  region size 1024K, 50 young (51200K), 7 survivors (7168K)
 Metaspace       used 98107K, capacity 101060K, committed 101916K, reserved 1136640K
  class space    used 12928K, capacity 14152K, committed 14488K, reserved 1048576K
}
Event: 28.273 GC heap after
{Heap after GC invocations=57 (full 0):
 garbage-first heap   total 211968K, used 133550K [0x0000000080000000, 0x0000000100000000)
  region size 1024K, 7 young (7168K), 7 survivors (7168K)
 Metaspace       used 98107K, capacity 101060K, committed 101916K, reserved 1136640K
  class space    used 12928K, capacity 14152K, committed 14488K, reserved 1048576K
}
Event: 28.361 GC heap before
{Heap before GC invocations=57 (full 0):
 garbage-first heap   total 211968K, used 172462K [0x0000000080000000, 0x0000000100000000)
  region size 1024K, 45 young (46080K), 7 survivors (7168K)
 Metaspace       used 98415K, capacity 101389K, committed 102172K, reserved 1136640K
  class space    used 12967K, capacity 14197K, committed 14488K, reserved 1048576K
}
Event: 28.384 GC heap after
{Heap after GC invocations=58 (full 0):
 garbage-first heap   total 289792K, used 140193K [0x0000000080000000, 0x0000000100000000)
  region size 1024K, 6 young (6144K), 6 survivors (6144K)
 Metaspace       used 98415K, capacity 101389K, committed 102172K, reserved 1136640K
  class space    used 12967K, capacity 14197K, committed 14488K, reserved 1048576K
}
Event: 28.711 GC heap before
{Heap before GC invocations=58 (full 0):
 garbage-first heap   total 289792K, used 201633K [0x0000000080000000, 0x0000000100000000)
  region size 1024K, 66 young (67584K), 6 survivors (6144K)
 Metaspace       used 99490K, capacity 102350K, committed 103068K, reserved 1138688K
  class space    used 13143K, capacity 14327K, committed 14616K, reserved 1048576K
}
Event: 28.738 GC heap after
{Heap after GC invocations=59 (full 0):
 garbage-first heap   total 289792K, used 150220K [0x0000000080000000, 0x0000000100000000)
  region size 1024K, 9 young (9216K), 9 survivors (9216K)
 Metaspace       used 99490K, capacity 102350K, committed 103068K, reserved 1138688K
  class space    used 13143K, capacity 14327K, committed 14616K, reserved 1048576K
}
Event: 29.160 GC heap before
{Heap before GC invocations=60 (full 0):
 garbage-first heap   total 289792K, used 210636K [0x0000000080000000, 0x0000000100000000)
  region size 1024K, 68 young (69632K), 9 survivors (9216K)
 Metaspace       used 101739K, capacity 104842K, committed 105244K, reserved 1140736K
  class space    used 13525K, capacity 14798K, committed 15000K, reserved 1048576K
}
Event: 29.185 GC heap after
{Heap after GC invocations=61 (full 0):
 garbage-first heap   total 289792K, used 158533K [0x0000000080000000, 0x0000000100000000)
  region size 1024K, 8 young (8192K), 8 survivors (8192K)
 Metaspace       used 101739K, capacity 104842K, committed 105244K, reserved 1140736K
  class space    used 13525K, capacity 14798K, committed 15000K, reserved 1048576K
}
Event: 29.676 GC heap before
{Heap before GC invocations=61 (full 0):
 garbage-first heap   total 289792K, used 218949K [0x0000000080000000, 0x0000000100000000)
  region size 1024K, 67 young (68608K), 8 survivors (8192K)
 Metaspace       used 102577K, capacity 105730K, committed 106012K, reserved 1140736K
  class space    used 13627K, capacity 14914K, committed 15000K, reserved 1048576K
}
Event: 29.688 GC heap after
{Heap after GC invocations=62 (full 0):
 garbage-first heap   total 289792K, used 159072K [0x0000000080000000, 0x0000000100000000)
  region size 1024K, 2 young (2048K), 2 survivors (2048K)
 Metaspace       used 102577K, capacity 105730K, committed 106012K, reserved 1140736K
  class space    used 13627K, capacity 14914K, committed 15000K, reserved 1048576K
}
Event: 30.283 GC heap before
{Heap before GC invocations=63 (full 0):
 garbage-first heap   total 289792K, used 221536K [0x0000000080000000, 0x0000000100000000)
  region size 1024K, 63 young (64512K), 2 survivors (2048K)
 Metaspace       used 102620K, capacity 105458K, committed 106524K, reserved 1140736K
  class space    used 13471K, capacity 14587K, committed 15000K, reserved 1048576K
}

